This file contains any messages produced by compilers while
running configure, to aid debugging if configure makes a mistake.

It was created by alsa-lib configure 1.2.5, which was
generated by GNU Autoconf 2.71.  Invocation command line was

  $ ./configure --prefix=/data/data/com.termux/files/usr --host=arm-linux-androideabi --build=arm-unknown-linux-androideabi --enable-python2 --with-pythonlibs=-lpython2.7 --with-pythonincludes=-I/data/data/com.termux/files/usr/include/python2.7

## --------- ##
## Platform. ##
## --------- ##

hostname = localhost
uname -m = armv7l
uname -r = 3.18.35+
uname -s = Linux
uname -v = #1 SMP PREEMPT Fri Mar 15 07:10:53 CDT 2019

/usr/bin/uname -p = unknown
/bin/uname -X     = unknown

/bin/arch              = unknown
/usr/bin/arch -k       = unknown
/usr/convex/getsysinfo = unknown
/usr/bin/hostinfo      = unknown
/bin/machine           = unknown
/usr/bin/oslevel       = unknown
/bin/universe          = unknown

PATH: /data/data/com.termux/files/usr/bin/
PATH: /data/data/com.termux/files/usr/bin/applets/


## ----------- ##
## Core tests. ##
## ----------- ##

configure:2649: looking for aux files: ltmain.sh compile missing install-sh config.guess config.sub
configure:2662:  trying ./
configure:2691:   ./ltmain.sh found
configure:2691:   ./compile found
configure:2691:   ./missing found
configure:2673:   ./install-sh found
configure:2691:   ./config.guess found
configure:2691:   ./config.sub found
configure:2813: checking build system type
configure:2828: result: arm-unknown-linux-androideabi
configure:2848: checking host system type
configure:2862: result: arm-unknown-linux-androideabi
configure:2899: checking for a BSD-compatible install
configure:2972: result: /data/data/com.termux/files/usr/bin/install -c
configure:2983: checking whether build environment is sane
configure:3038: result: yes
configure:3094: checking for arm-linux-androideabi-strip
configure:3115: found /data/data/com.termux/files/usr/bin/arm-linux-androideabi-strip
configure:3126: result: arm-linux-androideabi-strip
configure:3197: checking for a race-free mkdir -p
configure:3241: result: /data/data/com.termux/files/usr/bin/mkdir -p
configure:3248: checking for gawk
configure:3269: found /data/data/com.termux/files/usr/bin/gawk
configure:3280: result: gawk
configure:3291: checking whether make sets $(MAKE)
configure:3314: result: yes
configure:3344: checking whether make supports nested variables
configure:3362: result: yes
configure:3509: checking whether to enable maintainer-specific portions of Makefiles
configure:3519: result: yes
configure:3546: checking whether make supports nested variables
configure:3564: result: yes
configure:3596: checking for arm-linux-androideabi-gcc
configure:3617: found /data/data/com.termux/files/usr/bin/arm-linux-androideabi-gcc
configure:3628: result: arm-linux-androideabi-gcc
configure:4026: checking for C compiler version
configure:4035: arm-linux-androideabi-gcc --version >&5
clang version 13.0.0
Target: armv7a-unknown-linux-android24
Thread model: posix
InstalledDir: /data/data/com.termux/files/usr/bin
configure:4046: $? = 0
configure:4035: arm-linux-androideabi-gcc -v >&5
clang version 13.0.0
Target: armv7a-unknown-linux-android24
Thread model: posix
InstalledDir: /data/data/com.termux/files/usr/bin
configure:4046: $? = 0
configure:4035: arm-linux-androideabi-gcc -V >&5
clang-13: error: argument to '-V' is missing (expected 1 value)
clang-13: error: no input files
configure:4046: $? = 1
configure:4035: arm-linux-androideabi-gcc -qversion >&5
clang-13: error: unknown argument '-qversion'; did you mean '--version'?
clang-13: error: no input files
configure:4046: $? = 1
configure:4035: arm-linux-androideabi-gcc -version >&5
clang-13: error: unknown argument '-version'; did you mean '--version'?
clang-13: error: no input files
configure:4046: $? = 1
configure:4066: checking whether the C compiler works
configure:4088: arm-linux-androideabi-gcc -O3 -Wall -W -fPIC -DPIC -Wsign-compare -Wunreachable-code -Wno-unused-result -Deaccess=access -I/data/data/com.termux/files/usr/include -D_REENTRANT -DTERMUX_SHMEM_STUBS -DTERMUX_SEMOPS_STUBS -mfpu=neon  -shared -L/data/data/com.termux/files/usr/lib -lpulse -landroid-shmem -L/data/data/com.termux/files/usr/arm-linux-androideabi/lib conftest.c  >&5
configure:4092: $? = 0
configure:4142: result: yes
configure:4145: checking for C compiler default output file name
configure:4147: result: a.out
configure:4153: checking for suffix of executables
configure:4160: arm-linux-androideabi-gcc -o conftest -O3 -Wall -W -fPIC -DPIC -Wsign-compare -Wunreachable-code -Wno-unused-result -Deaccess=access -I/data/data/com.termux/files/usr/include -D_REENTRANT -DTERMUX_SHMEM_STUBS -DTERMUX_SEMOPS_STUBS -mfpu=neon  -shared -L/data/data/com.termux/files/usr/lib -lpulse -landroid-shmem -L/data/data/com.termux/files/usr/arm-linux-androideabi/lib conftest.c  >&5
configure:4164: $? = 0
configure:4187: result: 
configure:4209: checking whether we are cross compiling
configure:4247: result: yes
configure:4252: checking for suffix of object files
configure:4275: arm-linux-androideabi-gcc -c -O3 -Wall -W -fPIC -DPIC -Wsign-compare -Wunreachable-code -Wno-unused-result -Deaccess=access -I/data/data/com.termux/files/usr/include -D_REENTRANT -DTERMUX_SHMEM_STUBS -DTERMUX_SEMOPS_STUBS -mfpu=neon  conftest.c >&5
configure:4279: $? = 0
configure:4301: result: o
configure:4305: checking whether the compiler supports GNU C
configure:4325: arm-linux-androideabi-gcc -c -O3 -Wall -W -fPIC -DPIC -Wsign-compare -Wunreachable-code -Wno-unused-result -Deaccess=access -I/data/data/com.termux/files/usr/include -D_REENTRANT -DTERMUX_SHMEM_STUBS -DTERMUX_SEMOPS_STUBS -mfpu=neon  conftest.c >&5
configure:4325: $? = 0
configure:4335: result: yes
configure:4346: checking whether arm-linux-androideabi-gcc accepts -g
configure:4367: arm-linux-androideabi-gcc -c -g  conftest.c >&5
configure:4367: $? = 0
configure:4411: result: yes
configure:4431: checking for arm-linux-androideabi-gcc option to enable C11 features
configure:4446: arm-linux-androideabi-gcc  -c -O3 -Wall -W -fPIC -DPIC -Wsign-compare -Wunreachable-code -Wno-unused-result -Deaccess=access -I/data/data/com.termux/files/usr/include -D_REENTRANT -DTERMUX_SHMEM_STUBS -DTERMUX_SEMOPS_STUBS -mfpu=neon  conftest.c >&5
configure:4446: $? = 0
configure:4464: result: none needed
configure:4580: checking whether arm-linux-androideabi-gcc understands -c and -o together
configure:4603: arm-linux-androideabi-gcc -c conftest.c -o conftest2.o
configure:4606: $? = 0
configure:4603: arm-linux-androideabi-gcc -c conftest.c -o conftest2.o
configure:4606: $? = 0
configure:4618: result: yes
configure:4638: checking whether make supports the include directive
configure:4653: make -f confmf.GNU && cat confinc.out
this is the am__doit target
configure:4656: $? = 0
configure:4675: result: yes (GNU style)
configure:4701: checking dependency style of arm-linux-androideabi-gcc
configure:4813: result: gcc3
configure:4833: checking how to run the C preprocessor
configure:4859: arm-linux-androideabi-gcc -E  conftest.c
configure:4859: $? = 0
configure:4874: arm-linux-androideabi-gcc -E  conftest.c
conftest.c:11:10: fatal error: 'ac_nonexistent.h' file not found
#include <ac_nonexistent.h>
         ^~~~~~~~~~~~~~~~~~
1 error generated.
configure:4874: $? = 1
configure: failed program was:
| /* confdefs.h */
| #define PACKAGE_NAME "alsa-lib"
| #define PACKAGE_TARNAME "alsa-lib"
| #define PACKAGE_VERSION "1.2.5"
| #define PACKAGE_STRING "alsa-lib 1.2.5"
| #define PACKAGE_BUGREPORT ""
| #define PACKAGE_URL ""
| #define PACKAGE "alsa-lib"
| #define VERSION "1.2.5"
| /* end confdefs.h.  */
| #include <ac_nonexistent.h>
configure:4901: result: arm-linux-androideabi-gcc -E
configure:4915: arm-linux-androideabi-gcc -E  conftest.c
configure:4915: $? = 0
configure:4930: arm-linux-androideabi-gcc -E  conftest.c
conftest.c:11:10: fatal error: 'ac_nonexistent.h' file not found
#include <ac_nonexistent.h>
         ^~~~~~~~~~~~~~~~~~
1 error generated.
configure:4930: $? = 1
configure: failed program was:
| /* confdefs.h */
| #define PACKAGE_NAME "alsa-lib"
| #define PACKAGE_TARNAME "alsa-lib"
| #define PACKAGE_VERSION "1.2.5"
| #define PACKAGE_STRING "alsa-lib 1.2.5"
| #define PACKAGE_BUGREPORT ""
| #define PACKAGE_URL ""
| #define PACKAGE "alsa-lib"
| #define VERSION "1.2.5"
| /* end confdefs.h.  */
| #include <ac_nonexistent.h>
configure:4965: checking for stdio.h
configure:4965: arm-linux-androideabi-gcc -c -O3 -Wall -W -fPIC -DPIC -Wsign-compare -Wunreachable-code -Wno-unused-result -Deaccess=access -I/data/data/com.termux/files/usr/include -D_REENTRANT -DTERMUX_SHMEM_STUBS -DTERMUX_SEMOPS_STUBS -mfpu=neon  conftest.c >&5
configure:4965: $? = 0
configure:4965: result: yes
configure:4965: checking for stdlib.h
configure:4965: arm-linux-androideabi-gcc -c -O3 -Wall -W -fPIC -DPIC -Wsign-compare -Wunreachable-code -Wno-unused-result -Deaccess=access -I/data/data/com.termux/files/usr/include -D_REENTRANT -DTERMUX_SHMEM_STUBS -DTERMUX_SEMOPS_STUBS -mfpu=neon  conftest.c >&5
configure:4965: $? = 0
configure:4965: result: yes
configure:4965: checking for string.h
configure:4965: arm-linux-androideabi-gcc -c -O3 -Wall -W -fPIC -DPIC -Wsign-compare -Wunreachable-code -Wno-unused-result -Deaccess=access -I/data/data/com.termux/files/usr/include -D_REENTRANT -DTERMUX_SHMEM_STUBS -DTERMUX_SEMOPS_STUBS -mfpu=neon  conftest.c >&5
configure:4965: $? = 0
configure:4965: result: yes
configure:4965: checking for inttypes.h
configure:4965: arm-linux-androideabi-gcc -c -O3 -Wall -W -fPIC -DPIC -Wsign-compare -Wunreachable-code -Wno-unused-result -Deaccess=access -I/data/data/com.termux/files/usr/include -D_REENTRANT -DTERMUX_SHMEM_STUBS -DTERMUX_SEMOPS_STUBS -mfpu=neon  conftest.c >&5
configure:4965: $? = 0
configure:4965: result: yes
configure:4965: checking for stdint.h
configure:4965: arm-linux-androideabi-gcc -c -O3 -Wall -W -fPIC -DPIC -Wsign-compare -Wunreachable-code -Wno-unused-result -Deaccess=access -I/data/data/com.termux/files/usr/include -D_REENTRANT -DTERMUX_SHMEM_STUBS -DTERMUX_SEMOPS_STUBS -mfpu=neon  conftest.c >&5
configure:4965: $? = 0
configure:4965: result: yes
configure:4965: checking for strings.h
configure:4965: arm-linux-androideabi-gcc -c -O3 -Wall -W -fPIC -DPIC -Wsign-compare -Wunreachable-code -Wno-unused-result -Deaccess=access -I/data/data/com.termux/files/usr/include -D_REENTRANT -DTERMUX_SHMEM_STUBS -DTERMUX_SEMOPS_STUBS -mfpu=neon  conftest.c >&5
configure:4965: $? = 0
configure:4965: result: yes
configure:4965: checking for sys/stat.h
configure:4965: arm-linux-androideabi-gcc -c -O3 -Wall -W -fPIC -DPIC -Wsign-compare -Wunreachable-code -Wno-unused-result -Deaccess=access -I/data/data/com.termux/files/usr/include -D_REENTRANT -DTERMUX_SHMEM_STUBS -DTERMUX_SEMOPS_STUBS -mfpu=neon  conftest.c >&5
configure:4965: $? = 0
configure:4965: result: yes
configure:4965: checking for sys/types.h
configure:4965: arm-linux-androideabi-gcc -c -O3 -Wall -W -fPIC -DPIC -Wsign-compare -Wunreachable-code -Wno-unused-result -Deaccess=access -I/data/data/com.termux/files/usr/include -D_REENTRANT -DTERMUX_SHMEM_STUBS -DTERMUX_SEMOPS_STUBS -mfpu=neon  conftest.c >&5
configure:4965: $? = 0
configure:4965: result: yes
configure:4965: checking for unistd.h
configure:4965: arm-linux-androideabi-gcc -c -O3 -Wall -W -fPIC -DPIC -Wsign-compare -Wunreachable-code -Wno-unused-result -Deaccess=access -I/data/data/com.termux/files/usr/include -D_REENTRANT -DTERMUX_SHMEM_STUBS -DTERMUX_SEMOPS_STUBS -mfpu=neon  conftest.c >&5
configure:4965: $? = 0
configure:4965: result: yes
configure:4965: checking for wchar.h
configure:4965: arm-linux-androideabi-gcc -c -O3 -Wall -W -fPIC -DPIC -Wsign-compare -Wunreachable-code -Wno-unused-result -Deaccess=access -I/data/data/com.termux/files/usr/include -D_REENTRANT -DTERMUX_SHMEM_STUBS -DTERMUX_SEMOPS_STUBS -mfpu=neon  conftest.c >&5
configure:4965: $? = 0
configure:4965: result: yes
configure:4965: checking for minix/config.h
configure:4965: arm-linux-androideabi-gcc -c -O3 -Wall -W -fPIC -DPIC -Wsign-compare -Wunreachable-code -Wno-unused-result -Deaccess=access -I/data/data/com.termux/files/usr/include -D_REENTRANT -DTERMUX_SHMEM_STUBS -DTERMUX_SEMOPS_STUBS -mfpu=neon  conftest.c >&5
conftest.c:49:10: fatal error: 'minix/config.h' file not found
#include <minix/config.h>
         ^~~~~~~~~~~~~~~~
1 error generated.
configure:4965: $? = 1
configure: failed program was:
| /* confdefs.h */
| #define PACKAGE_NAME "alsa-lib"
| #define PACKAGE_TARNAME "alsa-lib"
| #define PACKAGE_VERSION "1.2.5"
| #define PACKAGE_STRING "alsa-lib 1.2.5"
| #define PACKAGE_BUGREPORT ""
| #define PACKAGE_URL ""
| #define PACKAGE "alsa-lib"
| #define VERSION "1.2.5"
| #define HAVE_STDIO_H 1
| #define HAVE_STDLIB_H 1
| #define HAVE_STRING_H 1
| #define HAVE_INTTYPES_H 1
| #define HAVE_STDINT_H 1
| #define HAVE_STRINGS_H 1
| #define HAVE_SYS_STAT_H 1
| #define HAVE_SYS_TYPES_H 1
| #define HAVE_UNISTD_H 1
| #define HAVE_WCHAR_H 1
| /* end confdefs.h.  */
| #include <stddef.h>
| #ifdef HAVE_STDIO_H
| # include <stdio.h>
| #endif
| #ifdef HAVE_STDLIB_H
| # include <stdlib.h>
| #endif
| #ifdef HAVE_STRING_H
| # include <string.h>
| #endif
| #ifdef HAVE_INTTYPES_H
| # include <inttypes.h>
| #endif
| #ifdef HAVE_STDINT_H
| # include <stdint.h>
| #endif
| #ifdef HAVE_STRINGS_H
| # include <strings.h>
| #endif
| #ifdef HAVE_SYS_TYPES_H
| # include <sys/types.h>
| #endif
| #ifdef HAVE_SYS_STAT_H
| # include <sys/stat.h>
| #endif
| #ifdef HAVE_UNISTD_H
| # include <unistd.h>
| #endif
| #include <minix/config.h>
configure:4965: result: no
configure:4965: checking for sys/time.h
configure:4965: arm-linux-androideabi-gcc -c -O3 -Wall -W -fPIC -DPIC -Wsign-compare -Wunreachable-code -Wno-unused-result -Deaccess=access -I/data/data/com.termux/files/usr/include -D_REENTRANT -DTERMUX_SHMEM_STUBS -DTERMUX_SEMOPS_STUBS -mfpu=neon  conftest.c >&5
configure:4965: $? = 0
configure:4965: result: yes
configure:4996: checking whether it is safe to define __EXTENSIONS__
configure:5015: arm-linux-androideabi-gcc -c -O3 -Wall -W -fPIC -DPIC -Wsign-compare -Wunreachable-code -Wno-unused-result -Deaccess=access -I/data/data/com.termux/files/usr/include -D_REENTRANT -DTERMUX_SHMEM_STUBS -DTERMUX_SEMOPS_STUBS -mfpu=neon  conftest.c >&5
configure:5015: $? = 0
configure:5023: result: yes
configure:5026: checking whether _XOPEN_SOURCE should be defined
configure:5048: arm-linux-androideabi-gcc -c -O3 -Wall -W -fPIC -DPIC -Wsign-compare -Wunreachable-code -Wno-unused-result -Deaccess=access -I/data/data/com.termux/files/usr/include -D_REENTRANT -DTERMUX_SHMEM_STUBS -DTERMUX_SEMOPS_STUBS -mfpu=neon  conftest.c >&5
configure:5048: $? = 0
configure:5075: result: no
configure:5132: checking whether ln -s works
configure:5136: result: yes
configure:5226: checking how to print strings
configure:5253: result: printf
configure:5274: checking for a sed that does not truncate output
configure:5344: result: /data/data/com.termux/files/usr/bin/sed
configure:5362: checking for grep that handles long lines and -e
configure:5426: result: /data/data/com.termux/files/usr/bin/grep
configure:5431: checking for egrep
configure:5499: result: /data/data/com.termux/files/usr/bin/grep -E
configure:5504: checking for fgrep
configure:5572: result: /data/data/com.termux/files/usr/bin/grep -F
configure:5608: checking for ld used by arm-linux-androideabi-gcc
configure:5676: result: /data/data/com.termux/files/usr/bin/ld
configure:5683: checking if the linker (/data/data/com.termux/files/usr/bin/ld) is GNU ld
configure:5699: result: yes
configure:5711: checking for BSD- or MS-compatible name lister (nm)
configure:5766: result: /data/data/com.termux/files/usr/bin/arm-linux-androideabi-nm -B
configure:5906: checking the name lister (/data/data/com.termux/files/usr/bin/arm-linux-androideabi-nm -B) interface
configure:5914: arm-linux-androideabi-gcc -c -O3 -Wall -W -fPIC -DPIC -Wsign-compare -Wunreachable-code -Wno-unused-result -Deaccess=access -I/data/data/com.termux/files/usr/include -D_REENTRANT -DTERMUX_SHMEM_STUBS -DTERMUX_SEMOPS_STUBS -mfpu=neon  conftest.c >&5
configure:5917: /data/data/com.termux/files/usr/bin/arm-linux-androideabi-nm -B "conftest.o"
configure:5920: output
00000000 B some_variable
configure:5927: result: BSD nm
configure:5931: checking the maximum length of command line arguments
configure:6063: result: 32768
configure:6111: checking how to convert arm-unknown-linux-androideabi file names to arm-unknown-linux-androideabi format
configure:6152: result: func_convert_file_noop
configure:6159: checking how to convert arm-unknown-linux-androideabi file names to toolchain format
configure:6180: result: func_convert_file_noop
configure:6187: checking for /data/data/com.termux/files/usr/bin/ld option to reload object files
configure:6195: result: -r
configure:6229: checking for arm-linux-androideabi-objdump
configure:6250: found /data/data/com.termux/files/usr/bin/arm-linux-androideabi-objdump
configure:6261: result: arm-linux-androideabi-objdump
configure:6338: checking how to recognize dependent libraries
configure:6539: result: pass_all
configure:6584: checking for arm-linux-androideabi-dlltool
configure:6619: result: no
configure:6629: checking for dlltool
configure:6664: result: no
configure:6694: checking how to associate runtime and link libraries
configure:6722: result: printf %s\n
configure:6738: checking for arm-linux-androideabi-ar
configure:6759: found /data/data/com.termux/files/usr/bin/arm-linux-androideabi-ar
configure:6770: result: arm-linux-androideabi-ar
configure:6856: checking for archiver @FILE support
configure:6874: arm-linux-androideabi-gcc -c -O3 -Wall -W -fPIC -DPIC -Wsign-compare -Wunreachable-code -Wno-unused-result -Deaccess=access -I/data/data/com.termux/files/usr/include -D_REENTRANT -DTERMUX_SHMEM_STUBS -DTERMUX_SEMOPS_STUBS -mfpu=neon  conftest.c >&5
configure:6874: $? = 0
configure:6878: arm-linux-androideabi-ar cru libconftest.a @conftest.lst >&5
configure:6881: $? = 0
configure:6886: arm-linux-androideabi-ar cru libconftest.a @conftest.lst >&5
arm-linux-androideabi-ar: conftest.o: No such file or directory
configure:6889: $? = 1
configure:6901: result: @
configure:6919: checking for arm-linux-androideabi-strip
configure:6951: result: arm-linux-androideabi-strip
configure:7028: checking for arm-linux-androideabi-ranlib
configure:7049: found /data/data/com.termux/files/usr/bin/arm-linux-androideabi-ranlib
configure:7060: result: arm-linux-androideabi-ranlib
configure:7207: checking command to parse /data/data/com.termux/files/usr/bin/arm-linux-androideabi-nm -B output from arm-linux-androideabi-gcc object
configure:7361: arm-linux-androideabi-gcc -c -O3 -Wall -W -fPIC -DPIC -Wsign-compare -Wunreachable-code -Wno-unused-result -Deaccess=access -I/data/data/com.termux/files/usr/include -D_REENTRANT -DTERMUX_SHMEM_STUBS -DTERMUX_SEMOPS_STUBS -mfpu=neon  conftest.c >&5
configure:7364: $? = 0
configure:7368: /data/data/com.termux/files/usr/bin/arm-linux-androideabi-nm -B conftest.o \| sed -n -e 's/^.*[ ]\([ABCDGIRSTW][ABCDGIRSTW]*\)[ ][ ]*\([_A-Za-z][_A-Za-z0-9]*\)$/  /p' | sed '/ __gnu_lto/d' \> conftest.nm
configure:7371: $? = 0
configure:7437: arm-linux-androideabi-gcc -o conftest -O3 -Wall -W -fPIC -DPIC -Wsign-compare -Wunreachable-code -Wno-unused-result -Deaccess=access -I/data/data/com.termux/files/usr/include -D_REENTRANT -DTERMUX_SHMEM_STUBS -DTERMUX_SEMOPS_STUBS -mfpu=neon  -shared -L/data/data/com.termux/files/usr/lib -lpulse -landroid-shmem -L/data/data/com.termux/files/usr/arm-linux-androideabi/lib conftest.c conftstm.o >&5
configure:7440: $? = 0
configure:7478: result: ok
configure:7525: checking for sysroot
configure:7556: result: no
configure:7563: checking for a working dd
configure:7607: result: /data/data/com.termux/files/usr/bin/dd
configure:7611: checking how to truncate binary pipes
configure:7627: result: /data/data/com.termux/files/usr/bin/dd bs=4096 count=1
configure:7919: checking for arm-linux-androideabi-mt
configure:7954: result: no
configure:7964: checking for mt
configure:7999: result: no
configure:8019: checking if : is a manifest tool
configure:8026: : '-?'
configure:8034: result: no
configure:8760: checking for dlfcn.h
configure:8760: arm-linux-androideabi-gcc -c -O3 -Wall -W -fPIC -DPIC -Wsign-compare -Wunreachable-code -Wno-unused-result -Deaccess=access -I/data/data/com.termux/files/usr/include -D_REENTRANT -DTERMUX_SHMEM_STUBS -DTERMUX_SEMOPS_STUBS -mfpu=neon  conftest.c >&5
configure:8760: $? = 0
configure:8760: result: yes
configure:8986: checking for objdir
configure:9002: result: .libs
configure:9266: checking if arm-linux-androideabi-gcc supports -fno-rtti -fno-exceptions
configure:9285: arm-linux-androideabi-gcc -c -O3 -Wall -W -fPIC -DPIC -Wsign-compare -Wunreachable-code -Wno-unused-result -Deaccess=access -I/data/data/com.termux/files/usr/include -D_REENTRANT -DTERMUX_SHMEM_STUBS -DTERMUX_SEMOPS_STUBS -mfpu=neon  -fno-rtti -fno-exceptions conftest.c >&5
configure:9289: $? = 0
configure:9302: result: yes
configure:9660: checking for arm-linux-androideabi-gcc option to produce PIC
configure:9668: result: -fPIC -DPIC
configure:9676: checking if arm-linux-androideabi-gcc PIC flag -fPIC -DPIC works
configure:9695: arm-linux-androideabi-gcc -c -O3 -Wall -W -fPIC -DPIC -Wsign-compare -Wunreachable-code -Wno-unused-result -Deaccess=access -I/data/data/com.termux/files/usr/include -D_REENTRANT -DTERMUX_SHMEM_STUBS -DTERMUX_SEMOPS_STUBS -mfpu=neon  -fPIC -DPIC -DPIC conftest.c >&5
configure:9699: $? = 0
configure:9712: result: yes
configure:9741: checking if arm-linux-androideabi-gcc static flag -static works
configure:9770: result: yes
configure:9785: checking if arm-linux-androideabi-gcc supports -c -o file.o
configure:9807: arm-linux-androideabi-gcc -c -O3 -Wall -W -fPIC -DPIC -Wsign-compare -Wunreachable-code -Wno-unused-result -Deaccess=access -I/data/data/com.termux/files/usr/include -D_REENTRANT -DTERMUX_SHMEM_STUBS -DTERMUX_SEMOPS_STUBS -mfpu=neon  -o out/conftest2.o conftest.c >&5
configure:9811: $? = 0
configure:9833: result: yes
configure:9841: checking if arm-linux-androideabi-gcc supports -c -o file.o
configure:9889: result: yes
configure:9922: checking whether the arm-linux-androideabi-gcc linker (/data/data/com.termux/files/usr/bin/ld) supports shared libraries
configure:11188: result: yes
configure:11225: checking whether -lc should be explicitly linked in
configure:11234: arm-linux-androideabi-gcc -c -O3 -Wall -W -fPIC -DPIC -Wsign-compare -Wunreachable-code -Wno-unused-result -Deaccess=access -I/data/data/com.termux/files/usr/include -D_REENTRANT -DTERMUX_SHMEM_STUBS -DTERMUX_SEMOPS_STUBS -mfpu=neon  conftest.c >&5
configure:11237: $? = 0
configure:11252: arm-linux-androideabi-gcc -shared  -fPIC -DPIC conftest.o  -v -Wl,-soname -Wl,conftest -o conftest 2\>\&1 \| /data/data/com.termux/files/usr/bin/grep  -lc  \>/dev/null 2\>\&1
configure:11255: $? = 0
configure:11269: result: no
configure:11429: checking dynamic linker characteristics
configure:12250: result: Android linker
configure:12372: checking how to hardcode library paths into programs
configure:12397: result: immediate
configure:12499: checking for shl_load
configure:12499: arm-linux-androideabi-gcc -o conftest -O3 -Wall -W -fPIC -DPIC -Wsign-compare -Wunreachable-code -Wno-unused-result -Deaccess=access -I/data/data/com.termux/files/usr/include -D_REENTRANT -DTERMUX_SHMEM_STUBS -DTERMUX_SEMOPS_STUBS -mfpu=neon  -shared -L/data/data/com.termux/files/usr/lib -lpulse -landroid-shmem -L/data/data/com.termux/files/usr/arm-linux-androideabi/lib conftest.c  >&5
configure:12499: $? = 0
configure:12499: result: yes
configure:12949: checking whether stripping libraries is possible
configure:12954: result: yes
configure:12989: checking if libtool supports shared libraries
configure:12991: result: yes
configure:12994: checking whether to build shared libraries
configure:13019: result: yes
configure:13022: checking whether to build static libraries
configure:13026: result: no
configure:13076: checking if arm-linux-androideabi-gcc supports -Wl,--no-undefined flag
configure:13088: arm-linux-androideabi-gcc -o conftest -O3 -Wall -W -fPIC -DPIC -Wsign-compare -Wunreachable-code -Wno-unused-result -Deaccess=access -I/data/data/com.termux/files/usr/include -D_REENTRANT -DTERMUX_SHMEM_STUBS -DTERMUX_SEMOPS_STUBS -mfpu=neon  -shared -L/data/data/com.termux/files/usr/lib -lpulse -landroid-shmem -L/data/data/com.termux/files/usr/arm-linux-androideabi/lib -Wl,--no-undefined conftest.c  >&5
configure:13088: $? = 0
configure:13100: result: yes
configure:13076: checking if arm-linux-androideabi-gcc supports -Wl,-z,defs flag
configure:13088: arm-linux-androideabi-gcc -o conftest -O3 -Wall -W -fPIC -DPIC -Wsign-compare -Wunreachable-code -Wno-unused-result -Deaccess=access -I/data/data/com.termux/files/usr/include -D_REENTRANT -DTERMUX_SHMEM_STUBS -DTERMUX_SEMOPS_STUBS -mfpu=neon  -shared -L/data/data/com.termux/files/usr/lib -lpulse -landroid-shmem -L/data/data/com.termux/files/usr/arm-linux-androideabi/lib -Wl,-z,defs conftest.c  >&5
configure:13088: $? = 0
configure:13100: result: yes
configure:13119: checking for egrep
configure:13187: result: /data/data/com.termux/files/usr/bin/grep -E
configure:13196: checking for an ANSI C-conforming const
configure:13263: arm-linux-androideabi-gcc -c -O3 -Wall -W -fPIC -DPIC -Wsign-compare -Wunreachable-code -Wno-unused-result -Deaccess=access -I/data/data/com.termux/files/usr/include -D_REENTRANT -DTERMUX_SHMEM_STUBS -DTERMUX_SEMOPS_STUBS -mfpu=neon  conftest.c >&5
conftest.c:69:34: warning: code will never be executed [-Wunreachable-code]
    char const *s = 0 ? (char *) 0 : (char const *) 0;
                                 ^
conftest.c:69:21: note: silence by adding parentheses to mark code as explicitly dead
    char const *s = 0 ? (char *) 0 : (char const *) 0;
                    ^
                    /* DISABLES CODE */ ( )
1 warning generated.
configure:13263: $? = 0
configure:13271: result: yes
configure:13279: checking for inline
configure:13296: arm-linux-androideabi-gcc -c -O3 -Wall -W -fPIC -DPIC -Wsign-compare -Wunreachable-code -Wno-unused-result -Deaccess=access -I/data/data/com.termux/files/usr/include -D_REENTRANT -DTERMUX_SHMEM_STUBS -DTERMUX_SEMOPS_STUBS -mfpu=neon  conftest.c >&5
conftest.c:43:21: warning: unused function 'static_foo' [-Wunused-function]
static inline foo_t static_foo (void) {return 0; }
                    ^
1 warning generated.
configure:13296: $? = 0
configure:13305: result: inline
configure:13336: checking whether arm-linux-androideabi-gcc needs -traditional
conftest.c:42:10: fatal error: 'sgtty.h' file not found
#include <sgtty.h>
         ^~~~~~~~~
1 error generated.
configure:13373: result: no
configure:13380: checking for uselocale
configure:13380: arm-linux-androideabi-gcc -o conftest -O3 -Wall -W -fPIC -DPIC -Wsign-compare -Wunreachable-code -Wno-unused-result -Deaccess=access -I/data/data/com.termux/files/usr/include -D_REENTRANT -DTERMUX_SHMEM_STUBS -DTERMUX_SEMOPS_STUBS -mfpu=neon  -shared -L/data/data/com.termux/files/usr/lib -lpulse -landroid-shmem -L/data/data/com.termux/files/usr/arm-linux-androideabi/lib conftest.c  >&5
configure:13380: $? = 0
configure:13380: result: yes
configure:13389: checking for library version
configure:13412: result: major 1 minor 2 subminor 5 extrastr  extraver 1000000
configure:13500: checking for versioned symbols
configure:13528: result: yes
configure:13547: checking for symbolic-functions
configure:13567: result: no
configure:13579: checking for custom symbol prefixes
configure:13590: result: 
configure:13593: checking for debug
configure:13605: result: yes
configure:13616: checking for debug assert
configure:13633: result: no
configure:13638: checking for tmpdir
configure:13649: result: /tmp
configure:13655: checking for softfloat
configure:13674: result: no
configure:13683: checking for libdl
configure:13696: checking for dlsym in -ldl
configure:13719: arm-linux-androideabi-gcc -o conftest -O3 -Wall -W -fPIC -DPIC -Wsign-compare -Wunreachable-code -Wno-unused-result -Deaccess=access -I/data/data/com.termux/files/usr/include -D_REENTRANT -DTERMUX_SHMEM_STUBS -DTERMUX_SEMOPS_STUBS -mfpu=neon  -shared -L/data/data/com.termux/files/usr/lib -lpulse -landroid-shmem -L/data/data/com.termux/files/usr/arm-linux-androideabi/lib conftest.c -ldl   >&5
configure:13719: $? = 0
configure:13729: result: yes
configure:13755: checking for pthread
configure:13767: checking for pthread_join in -lpthread
configure:13790: arm-linux-androideabi-gcc -o conftest -O3 -Wall -W -fPIC -DPIC -Wsign-compare -Wunreachable-code -Wno-unused-result -Deaccess=access -I/data/data/com.termux/files/usr/include -D_REENTRANT -DTERMUX_SHMEM_STUBS -DTERMUX_SEMOPS_STUBS -mfpu=neon  -shared -L/data/data/com.termux/files/usr/lib -lpulse -landroid-shmem -L/data/data/com.termux/files/usr/arm-linux-androideabi/lib conftest.c -lpthread   >&5
configure:13790: $? = 0
configure:13800: result: yes
configure:13819: checking for arm-linux-androideabi-gcc options needed to detect all undeclared functions
configure:13841: arm-linux-androideabi-gcc -c -O3 -Wall -W -fPIC -DPIC -Wsign-compare -Wunreachable-code -Wno-unused-result -Deaccess=access -I/data/data/com.termux/files/usr/include -D_REENTRANT -DTERMUX_SHMEM_STUBS -DTERMUX_SEMOPS_STUBS -mfpu=neon   conftest.c >&5
conftest.c:56:8: warning: implicitly declaring library function 'strchr' with type 'char *(const char *, int)' [-Wimplicit-function-declaration]
(void) strchr;
       ^
conftest.c:56:8: note: include the header <string.h> or explicitly provide a declaration for 'strchr'
1 warning generated.
configure:13841: $? = 0
configure:13841: arm-linux-androideabi-gcc -c -O3 -Wall -W -fPIC -DPIC -Wsign-compare -Wunreachable-code -Wno-unused-result -Deaccess=access -I/data/data/com.termux/files/usr/include -D_REENTRANT -DTERMUX_SHMEM_STUBS -DTERMUX_SEMOPS_STUBS -mfpu=neon -fno-builtin  conftest.c >&5
conftest.c:56:8: error: use of undeclared identifier 'strchr'
(void) strchr;
       ^
1 error generated.
configure:13841: $? = 1
configure: failed program was:
| /* confdefs.h */
| #define PACKAGE_NAME "alsa-lib"
| #define PACKAGE_TARNAME "alsa-lib"
| #define PACKAGE_VERSION "1.2.5"
| #define PACKAGE_STRING "alsa-lib 1.2.5"
| #define PACKAGE_BUGREPORT ""
| #define PACKAGE_URL ""
| #define PACKAGE "alsa-lib"
| #define VERSION "1.2.5"
| #define HAVE_STDIO_H 1
| #define HAVE_STDLIB_H 1
| #define HAVE_STRING_H 1
| #define HAVE_INTTYPES_H 1
| #define HAVE_STDINT_H 1
| #define HAVE_STRINGS_H 1
| #define HAVE_SYS_STAT_H 1
| #define HAVE_SYS_TYPES_H 1
| #define HAVE_UNISTD_H 1
| #define HAVE_WCHAR_H 1
| #define HAVE_SYS_TIME_H 1
| #define STDC_HEADERS 1
| #define _ALL_SOURCE 1
| #define _DARWIN_C_SOURCE 1
| #define _GNU_SOURCE 1
| #define _HPUX_ALT_XOPEN_SOCKET_API 1
| #define _NETBSD_SOURCE 1
| #define _OPENBSD_SOURCE 1
| #define _POSIX_PTHREAD_SEMANTICS 1
| #define __STDC_WANT_IEC_60559_ATTRIBS_EXT__ 1
| #define __STDC_WANT_IEC_60559_BFP_EXT__ 1
| #define __STDC_WANT_IEC_60559_DFP_EXT__ 1
| #define __STDC_WANT_IEC_60559_FUNCS_EXT__ 1
| #define __STDC_WANT_IEC_60559_TYPES_EXT__ 1
| #define __STDC_WANT_LIB_EXT2__ 1
| #define __STDC_WANT_MATH_SPEC_FUNCS__ 1
| #define _TANDEM_SOURCE 1
| #define __EXTENSIONS__ 1
| #define HAVE_DLFCN_H 1
| #define LT_OBJDIR ".libs/"
| #define TIME_WITH_SYS_TIME 1
| #define HAVE_USELOCALE 1
| #define VERSION "1.2.5"
| #define ALSA_CONFIG_DIR "/data/data/com.termux/files/usr/share/alsa"
| #define ALSA_PLUGIN_DIR "/data/data/com.termux/files/usr/lib/alsa-lib"
| #define ALSA_PKGCONF_DIR "/data/data/com.termux/files/usr/lib/pkgconfig"
| #define VERSIONED_SYMBOLS /**/
| #define __SYMBOL_PREFIX ""
| #define TMPDIR "/tmp"
| #define HAVE_LIBDL 1
| #define HAVE_LIBPTHREAD 1
| /* end confdefs.h.  */
| 
| int
| main (void)
| {
| (void) strchr;
|   ;
|   return 0;
| }
configure:13868: arm-linux-androideabi-gcc -c -O3 -Wall -W -fPIC -DPIC -Wsign-compare -Wunreachable-code -Wno-unused-result -Deaccess=access -I/data/data/com.termux/files/usr/include -D_REENTRANT -DTERMUX_SHMEM_STUBS -DTERMUX_SEMOPS_STUBS -mfpu=neon -fno-builtin  conftest.c >&5
configure:13868: $? = 0
configure:13885: result: -fno-builtin
configure:13899: checking whether PTHREAD_MUTEX_RECURSIVE is declared
configure:13899: arm-linux-androideabi-gcc -c -O3 -Wall -W -fPIC -DPIC -Wsign-compare -Wunreachable-code -Wno-unused-result -Deaccess=access -I/data/data/com.termux/files/usr/include -D_REENTRANT -DTERMUX_SHMEM_STUBS -DTERMUX_SEMOPS_STUBS -mfpu=neon -fno-builtin  conftest.c >&5
configure:13899: $? = 0
configure:13899: result: yes
configure:13909: checking for __thread
configure:13924: arm-linux-androideabi-gcc -o conftest -O3 -Wall -W -fPIC -DPIC -Wsign-compare -Wunreachable-code -Wno-unused-result -Deaccess=access -I/data/data/com.termux/files/usr/include -D_REENTRANT -DTERMUX_SHMEM_STUBS -DTERMUX_SEMOPS_STUBS -mfpu=neon  -shared -L/data/data/com.termux/files/usr/lib -lpulse -landroid-shmem -L/data/data/com.termux/files/usr/arm-linux-androideabi/lib conftest.c  >&5
conftest.c:59:21: warning: unused variable 'p' [-Wunused-variable]
static __thread int p = 0
                    ^
1 warning generated.
configure:13924: $? = 0
configure:13929: result: yes
configure:13938: checking for librt
configure:13950: checking for clock_gettime in -lrt
configure:13973: arm-linux-androideabi-gcc -o conftest -O3 -Wall -W -fPIC -DPIC -Wsign-compare -Wunreachable-code -Wno-unused-result -Deaccess=access -I/data/data/com.termux/files/usr/include -D_REENTRANT -DTERMUX_SHMEM_STUBS -DTERMUX_SEMOPS_STUBS -mfpu=neon  -shared -L/data/data/com.termux/files/usr/lib -lpulse -landroid-shmem -L/data/data/com.termux/files/usr/arm-linux-androideabi/lib conftest.c -lrt   >&5
configure:13973: $? = 0
configure:13983: result: yes
configure:14006: checking for use of wordexp
configure:14033: result: no
configure:14037: checking for endian.h
configure:14037: arm-linux-androideabi-gcc -c -O3 -Wall -W -fPIC -DPIC -Wsign-compare -Wunreachable-code -Wno-unused-result -Deaccess=access -I/data/data/com.termux/files/usr/include -D_REENTRANT -DTERMUX_SHMEM_STUBS -DTERMUX_SEMOPS_STUBS -mfpu=neon  conftest.c >&5
configure:14037: $? = 0
configure:14037: result: yes
configure:14043: checking for sys/endian.h
configure:14043: arm-linux-androideabi-gcc -c -O3 -Wall -W -fPIC -DPIC -Wsign-compare -Wunreachable-code -Wno-unused-result -Deaccess=access -I/data/data/com.termux/files/usr/include -D_REENTRANT -DTERMUX_SHMEM_STUBS -DTERMUX_SEMOPS_STUBS -mfpu=neon  conftest.c >&5
configure:14043: $? = 0
configure:14043: result: yes
configure:14049: checking for sys/shm.h
configure:14049: result: no
configure:14057: checking for resmgr support
configure:14067: result: no
configure:14120: checking for aload* support
configure:14130: result: yes
configure:14138: checking for ALSA device file directory
configure:14155: result: /dev/snd/
configure:14158: checking for aload* device file directory
configure:14175: result: /dev/
configure:14478: checking whether GCC supports builtin atomic intrinsics
configure:14496: arm-linux-androideabi-gcc -o conftest -O3 -Wall -W -fPIC -DPIC -Wsign-compare -Wunreachable-code -Wno-unused-result -Deaccess=access -I/data/data/com.termux/files/usr/include -D_REENTRANT -DTERMUX_SHMEM_STUBS -DTERMUX_SEMOPS_STUBS -mfpu=neon  -shared -L/data/data/com.termux/files/usr/lib -lpulse -landroid-shmem -L/data/data/com.termux/files/usr/arm-linux-androideabi/lib conftest.c  >&5
configure:14496: $? = 0
configure:14505: result: yes
configure:14520: arm-linux-androideabi-gcc -o conftest -O3 -Wall -W -fPIC -DPIC -Wsign-compare -Wunreachable-code -Wno-unused-result -Deaccess=access -I/data/data/com.termux/files/usr/include -D_REENTRANT -DTERMUX_SHMEM_STUBS -DTERMUX_SEMOPS_STUBS -mfpu=neon  -shared -L/data/data/com.termux/files/usr/lib -lpulse -landroid-shmem -L/data/data/com.termux/files/usr/arm-linux-androideabi/lib conftest.c  >&5
conftest.c:72:28: error: unknown register name 'mm0' in asm
__asm__ volatile ("" : : : "mm0");
                           ^
1 error generated.
configure:14520: $? = 1
configure: failed program was:
| /* confdefs.h */
| #define PACKAGE_NAME "alsa-lib"
| #define PACKAGE_TARNAME "alsa-lib"
| #define PACKAGE_VERSION "1.2.5"
| #define PACKAGE_STRING "alsa-lib 1.2.5"
| #define PACKAGE_BUGREPORT ""
| #define PACKAGE_URL ""
| #define PACKAGE "alsa-lib"
| #define VERSION "1.2.5"
| #define HAVE_STDIO_H 1
| #define HAVE_STDLIB_H 1
| #define HAVE_STRING_H 1
| #define HAVE_INTTYPES_H 1
| #define HAVE_STDINT_H 1
| #define HAVE_STRINGS_H 1
| #define HAVE_SYS_STAT_H 1
| #define HAVE_SYS_TYPES_H 1
| #define HAVE_UNISTD_H 1
| #define HAVE_WCHAR_H 1
| #define HAVE_SYS_TIME_H 1
| #define STDC_HEADERS 1
| #define _ALL_SOURCE 1
| #define _DARWIN_C_SOURCE 1
| #define _GNU_SOURCE 1
| #define _HPUX_ALT_XOPEN_SOCKET_API 1
| #define _NETBSD_SOURCE 1
| #define _OPENBSD_SOURCE 1
| #define _POSIX_PTHREAD_SEMANTICS 1
| #define __STDC_WANT_IEC_60559_ATTRIBS_EXT__ 1
| #define __STDC_WANT_IEC_60559_BFP_EXT__ 1
| #define __STDC_WANT_IEC_60559_DFP_EXT__ 1
| #define __STDC_WANT_IEC_60559_FUNCS_EXT__ 1
| #define __STDC_WANT_IEC_60559_TYPES_EXT__ 1
| #define __STDC_WANT_LIB_EXT2__ 1
| #define __STDC_WANT_MATH_SPEC_FUNCS__ 1
| #define _TANDEM_SOURCE 1
| #define __EXTENSIONS__ 1
| #define HAVE_DLFCN_H 1
| #define LT_OBJDIR ".libs/"
| #define TIME_WITH_SYS_TIME 1
| #define HAVE_USELOCALE 1
| #define VERSION "1.2.5"
| #define ALSA_CONFIG_DIR "/data/data/com.termux/files/usr/share/alsa"
| #define ALSA_PLUGIN_DIR "/data/data/com.termux/files/usr/lib/alsa-lib"
| #define ALSA_PKGCONF_DIR "/data/data/com.termux/files/usr/lib/pkgconfig"
| #define VERSIONED_SYMBOLS /**/
| #define __SYMBOL_PREFIX ""
| #define TMPDIR "/tmp"
| #define HAVE_LIBDL 1
| #define HAVE_LIBPTHREAD 1
| #define HAVE_PTHREAD_MUTEX_RECURSIVE /**/
| #define HAVE___THREAD 1
| #define HAVE_LIBRT 1
| #define HAVE_CLOCK_GETTIME 1
| #define HAVE_ENDIAN_H 1
| #define HAVE_SYS_ENDIAN_H 1
| #define SUPPORT_ALOAD "1"
| #define ALSA_DEVICE_DIRECTORY "/dev/snd/"
| #define ALOAD_DEVICE_DIRECTORY "/dev/"
| #define BUILD_MIXER "1"
| #define BUILD_PCM "1"
| #define BUILD_RAWMIDI "1"
| #define BUILD_HWDEP "1"
| #define BUILD_SEQ "1"
| #define BUILD_UCM "1"
| #define BUILD_TOPOLOGY "1"
| /* end confdefs.h.  */
| 
| int
| main (void)
| {
| __asm__ volatile ("" : : : "mm0");
|   ;
|   return 0;
| }
configure:14947: checking for max number of cards
configure:14958: result: 32
configure:14971: checking for thread-safe API functions
configure:14982: result: yes
configure:15110: checking that generated files are newer than configure
configure:15116: result: done
configure:15331: creating ./config.status

## ---------------------- ##
## Running config.status. ##
## ---------------------- ##

This file was extended by alsa-lib config.status 1.2.5, which was
generated by GNU Autoconf 2.71.  Invocation command line was

  CONFIG_FILES    = 
  CONFIG_HEADERS  = 
  CONFIG_LINKS    = 
  CONFIG_COMMANDS = 
  $ ./config.status 

on localhost

config.status:1280: creating Makefile
config.status:1280: creating doc/Makefile
config.status:1280: creating doc/pictures/Makefile
config.status:1280: creating doc/doxygen.cfg
config.status:1280: creating include/Makefile
config.status:1280: creating include/sound/Makefile
config.status:1280: creating include/sound/uapi/Makefile
config.status:1280: creating src/Versions
config.status:1280: creating src/Makefile
config.status:1280: creating src/control/Makefile
config.status:1280: creating src/mixer/Makefile
config.status:1280: creating src/pcm/Makefile
config.status:1280: creating src/pcm/scopes/Makefile
config.status:1280: creating src/rawmidi/Makefile
config.status:1280: creating src/timer/Makefile
config.status:1280: creating src/hwdep/Makefile
config.status:1280: creating src/seq/Makefile
config.status:1280: creating src/ucm/Makefile
config.status:1280: creating src/alisp/Makefile
config.status:1280: creating src/topology/Makefile
config.status:1280: creating src/conf/Makefile
config.status:1280: creating src/conf/cards/Makefile
config.status:1280: creating src/conf/ctl/Makefile
config.status:1280: creating src/conf/pcm/Makefile
config.status:1280: creating modules/Makefile
config.status:1280: creating modules/mixer/Makefile
config.status:1280: creating modules/mixer/simple/Makefile
config.status:1280: creating alsalisp/Makefile
config.status:1280: creating aserver/Makefile
config.status:1280: creating test/Makefile
config.status:1280: creating test/lsb/Makefile
config.status:1280: creating utils/Makefile
config.status:1280: creating utils/alsa-lib.spec
config.status:1280: creating utils/alsa.pc
config.status:1280: creating utils/alsa-topology.pc
config.status:1280: creating include/config.h
config.status:1461: include/config.h is unchanged
config.status:1509: executing depfiles commands
config.status:1584: cd src       && sed -e '/# am--include-marker/d' Makefile         | make -f - am--depfiles
make: Nothing to be done for 'am--depfiles'.
config.status:1591: $? = 0
config.status:1584: cd src/control       && sed -e '/# am--include-marker/d' Makefile         | make -f - am--depfiles
make: Nothing to be done for 'am--depfiles'.
config.status:1591: $? = 0
config.status:1584: cd src/mixer       && sed -e '/# am--include-marker/d' Makefile         | make -f - am--depfiles
make: Nothing to be done for 'am--depfiles'.
config.status:1591: $? = 0
config.status:1584: cd src/pcm       && sed -e '/# am--include-marker/d' Makefile         | make -f - am--depfiles
make: Nothing to be done for 'am--depfiles'.
config.status:1591: $? = 0
config.status:1584: cd src/pcm/scopes       && sed -e '/# am--include-marker/d' Makefile         | make -f - am--depfiles
make: Nothing to be done for 'am--depfiles'.
config.status:1591: $? = 0
config.status:1584: cd src/rawmidi       && sed -e '/# am--include-marker/d' Makefile         | make -f - am--depfiles
make: Nothing to be done for 'am--depfiles'.
config.status:1591: $? = 0
config.status:1584: cd src/timer       && sed -e '/# am--include-marker/d' Makefile         | make -f - am--depfiles
make: Nothing to be done for 'am--depfiles'.
config.status:1591: $? = 0
config.status:1584: cd src/hwdep       && sed -e '/# am--include-marker/d' Makefile         | make -f - am--depfiles
make: Nothing to be done for 'am--depfiles'.
config.status:1591: $? = 0
config.status:1584: cd src/seq       && sed -e '/# am--include-marker/d' Makefile         | make -f - am--depfiles
make: Nothing to be done for 'am--depfiles'.
config.status:1591: $? = 0
config.status:1584: cd src/ucm       && sed -e '/# am--include-marker/d' Makefile         | make -f - am--depfiles
make: Nothing to be done for 'am--depfiles'.
config.status:1591: $? = 0
config.status:1584: cd src/alisp       && sed -e '/# am--include-marker/d' Makefile         | make -f - am--depfiles
make: Nothing to be done for 'am--depfiles'.
config.status:1591: $? = 0
config.status:1584: cd src/topology       && sed -e '/# am--include-marker/d' Makefile         | make -f - am--depfiles
make: Nothing to be done for 'am--depfiles'.
config.status:1591: $? = 0
config.status:1584: cd modules/mixer/simple       && sed -e '/# am--include-marker/d' Makefile         | make -f - am--depfiles
make: Nothing to be done for 'am--depfiles'.
config.status:1591: $? = 0
config.status:1584: cd alsalisp       && sed -e '/# am--include-marker/d' Makefile         | make -f - am--depfiles
make: Nothing to be done for 'am--depfiles'.
config.status:1591: $? = 0
config.status:1584: cd aserver       && sed -e '/# am--include-marker/d' Makefile         | make -f - am--depfiles
make: Nothing to be done for 'am--depfiles'.
config.status:1591: $? = 0
config.status:1584: cd test       && sed -e '/# am--include-marker/d' Makefile         | make -f - am--depfiles
make: Nothing to be done for 'am--depfiles'.
config.status:1591: $? = 0
config.status:1584: cd test/lsb       && sed -e '/# am--include-marker/d' Makefile         | make -f - am--depfiles
make: Nothing to be done for 'am--depfiles'.
config.status:1591: $? = 0
config.status:1509: executing libtool commands

## ---------------- ##
## Cache variables. ##
## ---------------- ##

ac_cv_build='arm-unknown-linux-androideabi'
ac_cv_c_compiler_gnu='yes'
ac_cv_c_const='yes'
ac_cv_c_inline='inline'
ac_cv_c_undeclared_builtin_options='-fno-builtin'
ac_cv_env_CC_set=''
ac_cv_env_CC_value=''
ac_cv_env_CFLAGS_set='set'
ac_cv_env_CFLAGS_value='-O3 -Wall -W -fPIC -DPIC -Wsign-compare -Wunreachable-code -Wno-unused-result -Deaccess=access -I/data/data/com.termux/files/usr/include -D_REENTRANT -DTERMUX_SHMEM_STUBS -DTERMUX_SEMOPS_STUBS -mfpu=neon'
ac_cv_env_CPPFLAGS_set=''
ac_cv_env_CPPFLAGS_value=''
ac_cv_env_CPP_set=''
ac_cv_env_CPP_value=''
ac_cv_env_LDFLAGS_set='set'
ac_cv_env_LDFLAGS_value='-shared -L/data/data/com.termux/files/usr/lib -lpulse -landroid-shmem -L/data/data/com.termux/files/usr/arm-linux-androideabi/lib'
ac_cv_env_LIBS_set=''
ac_cv_env_LIBS_value=''
ac_cv_env_LT_SYS_LIBRARY_PATH_set=''
ac_cv_env_LT_SYS_LIBRARY_PATH_value=''
ac_cv_env_build_alias_set='set'
ac_cv_env_build_alias_value='arm-unknown-linux-androideabi'
ac_cv_env_host_alias_set='set'
ac_cv_env_host_alias_value='arm-linux-androideabi'
ac_cv_env_target_alias_set=''
ac_cv_env_target_alias_value=''
ac_cv_func_shl_load='yes'
ac_cv_func_uselocale='yes'
ac_cv_have_decl_PTHREAD_MUTEX_RECURSIVE='yes'
ac_cv_header_dlfcn_h='yes'
ac_cv_header_endian_h='yes'
ac_cv_header_inttypes_h='yes'
ac_cv_header_minix_config_h='no'
ac_cv_header_stdint_h='yes'
ac_cv_header_stdio_h='yes'
ac_cv_header_stdlib_h='yes'
ac_cv_header_string_h='yes'
ac_cv_header_strings_h='yes'
ac_cv_header_sys_endian_h='yes'
ac_cv_header_sys_shm_h='no'
ac_cv_header_sys_stat_h='yes'
ac_cv_header_sys_time_h='yes'
ac_cv_header_sys_types_h='yes'
ac_cv_header_unistd_h='yes'
ac_cv_header_wchar_h='yes'
ac_cv_host='arm-unknown-linux-androideabi'
ac_cv_lib_dl_dlsym='yes'
ac_cv_lib_pthread_pthread_join='yes'
ac_cv_lib_rt_clock_gettime='yes'
ac_cv_objext='o'
ac_cv_path_EGREP='/data/data/com.termux/files/usr/bin/grep -E'
ac_cv_path_FGREP='/data/data/com.termux/files/usr/bin/grep -F'
ac_cv_path_GREP='/data/data/com.termux/files/usr/bin/grep'
ac_cv_path_SED='/data/data/com.termux/files/usr/bin/sed'
ac_cv_path_install='/data/data/com.termux/files/usr/bin/install -c'
ac_cv_path_lt_DD='/data/data/com.termux/files/usr/bin/dd'
ac_cv_path_mkdir='/data/data/com.termux/files/usr/bin/mkdir'
ac_cv_prog_AR='arm-linux-androideabi-ar'
ac_cv_prog_AWK='gawk'
ac_cv_prog_CC='arm-linux-androideabi-gcc'
ac_cv_prog_CPP='arm-linux-androideabi-gcc -E'
ac_cv_prog_OBJDUMP='arm-linux-androideabi-objdump'
ac_cv_prog_RANLIB='arm-linux-androideabi-ranlib'
ac_cv_prog_STRIP='arm-linux-androideabi-strip'
ac_cv_prog_cc_c11=''
ac_cv_prog_cc_g='yes'
ac_cv_prog_cc_stdc=''
ac_cv_prog_gcc_traditional='no'
ac_cv_prog_make_make_set='yes'
ac_cv_safe_to_define___extensions__='yes'
ac_cv_should_define__xopen_source='no'
am_cv_CC_dependencies_compiler_type='gcc3'
am_cv_make_support_nested_variables='yes'
am_cv_prog_cc_c_o='yes'
cc_cv_ldflags__Wl___no_undefined='yes'
cc_cv_ldflags__Wl__z_defs='yes'
lt_cv_ar_at_file='@'
lt_cv_archive_cmds_need_lc='no'
lt_cv_deplibs_check_method='pass_all'
lt_cv_dlopen='shl_load'
lt_cv_dlopen_libs=''
lt_cv_file_magic_cmd='$MAGIC_CMD'
lt_cv_file_magic_test_file=''
lt_cv_ld_reload_flag='-r'
lt_cv_nm_interface='BSD nm'
lt_cv_objdir='.libs'
lt_cv_path_LD='/data/data/com.termux/files/usr/bin/ld'
lt_cv_path_NM='/data/data/com.termux/files/usr/bin/arm-linux-androideabi-nm -B'
lt_cv_path_mainfest_tool='no'
lt_cv_prog_compiler_c_o='yes'
lt_cv_prog_compiler_pic='-fPIC -DPIC'
lt_cv_prog_compiler_pic_works='yes'
lt_cv_prog_compiler_rtti_exceptions='yes'
lt_cv_prog_compiler_static_works='yes'
lt_cv_prog_gnu_ld='yes'
lt_cv_sharedlib_from_linklib_cmd='printf %s\n'
lt_cv_sys_global_symbol_pipe='sed -n -e '"'"'s/^.*[	 ]\([ABCDGIRSTW][ABCDGIRSTW]*\)[	 ][	 ]*\([_A-Za-z][_A-Za-z0-9]*\)$/\1 \2 \2/p'"'"' | sed '"'"'/ __gnu_lto/d'"'"
lt_cv_sys_global_symbol_to_c_name_address='sed -n -e '"'"'s/^: \(.*\) .*$/  {"\1", (void *) 0},/p'"'"' -e '"'"'s/^[ABCDGIRSTW][ABCDGIRSTW]* .* \(.*\)$/  {"\1", (void *) \&\1},/p'"'"
lt_cv_sys_global_symbol_to_c_name_address_lib_prefix='sed -n -e '"'"'s/^: \(.*\) .*$/  {"\1", (void *) 0},/p'"'"' -e '"'"'s/^[ABCDGIRSTW][ABCDGIRSTW]* .* \(lib.*\)$/  {"\1", (void *) \&\1},/p'"'"' -e '"'"'s/^[ABCDGIRSTW][ABCDGIRSTW]* .* \(.*\)$/  {"lib\1", (void *) \&\1},/p'"'"
lt_cv_sys_global_symbol_to_cdecl='sed -n -e '"'"'s/^T .* \(.*\)$/extern int \1();/p'"'"' -e '"'"'s/^[ABCDGIRSTW][ABCDGIRSTW]* .* \(.*\)$/extern char \1;/p'"'"
lt_cv_sys_global_symbol_to_import=''
lt_cv_sys_max_cmd_len='32768'
lt_cv_to_host_file_cmd='func_convert_file_noop'
lt_cv_to_tool_file_cmd='func_convert_file_noop'
lt_cv_truncate_bin='/data/data/com.termux/files/usr/bin/dd bs=4096 count=1'

## ----------------- ##
## Output variables. ##
## ----------------- ##

ACLOCAL='${SHELL} '\''/data/data/com.termux/files/home/alsa-lib-1.2.5/missing'\'' aclocal-1.16'
ALSA_CONFIG_DIR='/data/data/com.termux/files/usr/share/alsa'
ALSA_DEPLIBS='-lm -ldl -lpthread -lrt'
ALSA_PKGCONF_DIR='/data/data/com.termux/files/usr/lib/pkgconfig'
ALSA_PLUGIN_DIR='/data/data/com.termux/files/usr/lib/alsa-lib'
AMDEPBACKSLASH='\'
AMDEP_FALSE='#'
AMDEP_TRUE=''
AMTAR='$${TAR-tar}'
AM_BACKSLASH='\'
AM_DEFAULT_V='$(AM_DEFAULT_VERBOSITY)'
AM_DEFAULT_VERBOSITY='0'
AM_V='$(V)'
AR='arm-linux-androideabi-ar'
AUTOCONF='${SHELL} '\''/data/data/com.termux/files/home/alsa-lib-1.2.5/missing'\'' autoconf'
AUTOHEADER='${SHELL} '\''/data/data/com.termux/files/home/alsa-lib-1.2.5/missing'\'' autoheader'
AUTOMAKE='${SHELL} '\''/data/data/com.termux/files/home/alsa-lib-1.2.5/missing'\'' automake-1.16'
AWK='gawk'
BUILD_ALISP_FALSE=''
BUILD_ALISP_TRUE='#'
BUILD_CTL_PLUGIN_EXT_FALSE='#'
BUILD_CTL_PLUGIN_EXT_TRUE=''
BUILD_CTL_PLUGIN_FALSE='#'
BUILD_CTL_PLUGIN_REMAP_FALSE='#'
BUILD_CTL_PLUGIN_REMAP_TRUE=''
BUILD_CTL_PLUGIN_SHM_FALSE=''
BUILD_CTL_PLUGIN_SHM_TRUE='#'
BUILD_CTL_PLUGIN_TRUE=''
BUILD_HWDEP_FALSE='#'
BUILD_HWDEP_TRUE=''
BUILD_MIXER_FALSE='#'
BUILD_MIXER_MODULES_FALSE=''
BUILD_MIXER_MODULES_TRUE='#'
BUILD_MIXER_PYMODULES_FALSE=''
BUILD_MIXER_PYMODULES_TRUE='#'
BUILD_MIXER_TRUE=''
BUILD_MODULES_FALSE='#'
BUILD_MODULES_TRUE=''
BUILD_PCM_FALSE='#'
BUILD_PCM_PLUGIN_ADPCM_FALSE='#'
BUILD_PCM_PLUGIN_ADPCM_TRUE=''
BUILD_PCM_PLUGIN_ALAW_FALSE='#'
BUILD_PCM_PLUGIN_ALAW_TRUE=''
BUILD_PCM_PLUGIN_ASYM_FALSE='#'
BUILD_PCM_PLUGIN_ASYM_TRUE=''
BUILD_PCM_PLUGIN_COPY_FALSE='#'
BUILD_PCM_PLUGIN_COPY_TRUE=''
BUILD_PCM_PLUGIN_DMIX_FALSE=''
BUILD_PCM_PLUGIN_DMIX_TRUE='#'
BUILD_PCM_PLUGIN_DSHARE_FALSE=''
BUILD_PCM_PLUGIN_DSHARE_TRUE='#'
BUILD_PCM_PLUGIN_DSNOOP_FALSE=''
BUILD_PCM_PLUGIN_DSNOOP_TRUE='#'
BUILD_PCM_PLUGIN_EMPTY_FALSE='#'
BUILD_PCM_PLUGIN_EMPTY_TRUE=''
BUILD_PCM_PLUGIN_EXTPLUG_FALSE='#'
BUILD_PCM_PLUGIN_EXTPLUG_TRUE=''
BUILD_PCM_PLUGIN_FALSE='#'
BUILD_PCM_PLUGIN_FILE_FALSE='#'
BUILD_PCM_PLUGIN_FILE_TRUE=''
BUILD_PCM_PLUGIN_HOOKS_FALSE='#'
BUILD_PCM_PLUGIN_HOOKS_TRUE=''
BUILD_PCM_PLUGIN_IEC958_FALSE='#'
BUILD_PCM_PLUGIN_IEC958_TRUE=''
BUILD_PCM_PLUGIN_IOPLUG_FALSE='#'
BUILD_PCM_PLUGIN_IOPLUG_TRUE=''
BUILD_PCM_PLUGIN_LADSPA_FALSE='#'
BUILD_PCM_PLUGIN_LADSPA_TRUE=''
BUILD_PCM_PLUGIN_LFLOAT_FALSE='#'
BUILD_PCM_PLUGIN_LFLOAT_TRUE=''
BUILD_PCM_PLUGIN_LINEAR_FALSE='#'
BUILD_PCM_PLUGIN_LINEAR_TRUE=''
BUILD_PCM_PLUGIN_METER_FALSE='#'
BUILD_PCM_PLUGIN_METER_TRUE=''
BUILD_PCM_PLUGIN_MMAP_EMUL_FALSE='#'
BUILD_PCM_PLUGIN_MMAP_EMUL_TRUE=''
BUILD_PCM_PLUGIN_MULAW_FALSE='#'
BUILD_PCM_PLUGIN_MULAW_TRUE=''
BUILD_PCM_PLUGIN_MULTI_FALSE='#'
BUILD_PCM_PLUGIN_MULTI_TRUE=''
BUILD_PCM_PLUGIN_NULL_FALSE='#'
BUILD_PCM_PLUGIN_NULL_TRUE=''
BUILD_PCM_PLUGIN_PLUG_FALSE='#'
BUILD_PCM_PLUGIN_PLUG_TRUE=''
BUILD_PCM_PLUGIN_RATE_FALSE='#'
BUILD_PCM_PLUGIN_RATE_TRUE=''
BUILD_PCM_PLUGIN_ROUTE_FALSE='#'
BUILD_PCM_PLUGIN_ROUTE_TRUE=''
BUILD_PCM_PLUGIN_SHARE_FALSE='#'
BUILD_PCM_PLUGIN_SHARE_TRUE=''
BUILD_PCM_PLUGIN_SHM_FALSE=''
BUILD_PCM_PLUGIN_SHM_TRUE='#'
BUILD_PCM_PLUGIN_SOFTVOL_FALSE='#'
BUILD_PCM_PLUGIN_SOFTVOL_TRUE=''
BUILD_PCM_PLUGIN_TRUE=''
BUILD_PCM_TRUE=''
BUILD_RAWMIDI_FALSE='#'
BUILD_RAWMIDI_TRUE=''
BUILD_SEQ_FALSE='#'
BUILD_SEQ_TRUE=''
BUILD_TOPOLOGY_FALSE='#'
BUILD_TOPOLOGY_TRUE=''
BUILD_UCM_FALSE='#'
BUILD_UCM_TRUE=''
CC='arm-linux-androideabi-gcc'
CCDEPMODE='depmode=gcc3'
CFLAGS='-O3 -Wall -W -fPIC -DPIC -Wsign-compare -Wunreachable-code -Wno-unused-result -Deaccess=access -I/data/data/com.termux/files/usr/include -D_REENTRANT -DTERMUX_SHMEM_STUBS -DTERMUX_SEMOPS_STUBS -mfpu=neon'
CPP='arm-linux-androideabi-gcc -E'
CPPFLAGS=''
CSCOPE='cscope'
CTAGS='ctags'
CYGPATH_W='echo'
DEFS='-DHAVE_CONFIG_H'
DEPDIR='.deps'
DLLTOOL='false'
DSYMUTIL=''
DUMPBIN=''
ECHO_C=''
ECHO_N='-n'
ECHO_T=''
EGREP='/data/data/com.termux/files/usr/bin/grep -E'
ETAGS='etags'
EXEEXT=''
FGREP='/data/data/com.termux/files/usr/bin/grep -F'
GREP='/data/data/com.termux/files/usr/bin/grep'
INSTALL_DATA='${INSTALL} -m 644'
INSTALL_M4_FALSE='#'
INSTALL_M4_TRUE=''
INSTALL_PROGRAM='${INSTALL}'
INSTALL_SCRIPT='${INSTALL}'
INSTALL_STRIP_PROGRAM='$(install_sh) -c -s'
KEEP_OLD_SYMBOLS_FALSE='#'
KEEP_OLD_SYMBOLS_TRUE=''
LD='/data/data/com.termux/files/usr/bin/ld'
LDFLAGS='-shared -L/data/data/com.termux/files/usr/lib -lpulse -landroid-shmem -L/data/data/com.termux/files/usr/arm-linux-androideabi/lib'
LDFLAGS_NOUNDEFINED='-Wl,-z,defs'
LIBOBJS=''
LIBS=''
LIBTOOL='$(SHELL) $(top_builddir)/libtool'
LIBTOOL_VERSION_INFO='2:0:0'
LIPO=''
LN_S='ln -s'
LTLIBOBJS=''
LT_SYS_LIBRARY_PATH=''
MAINT=''
MAINTAINER_MODE_FALSE='#'
MAINTAINER_MODE_TRUE=''
MAKEINFO='${SHELL} '\''/data/data/com.termux/files/home/alsa-lib-1.2.5/missing'\'' makeinfo'
MANIFEST_TOOL=':'
MKDIR_P='/data/data/com.termux/files/usr/bin/mkdir -p'
NM='/data/data/com.termux/files/usr/bin/arm-linux-androideabi-nm -B'
NMEDIT=''
OBJDUMP='arm-linux-androideabi-objdump'
OBJEXT='o'
OTOOL64=''
OTOOL=''
PACKAGE='alsa-lib'
PACKAGE_BUGREPORT=''
PACKAGE_NAME='alsa-lib'
PACKAGE_STRING='alsa-lib 1.2.5'
PACKAGE_TARNAME='alsa-lib'
PACKAGE_URL=''
PACKAGE_VERSION='1.2.5'
PATH_SEPARATOR=':'
PYTHON_INCLUDES=''
PYTHON_LIBS=''
RANLIB='arm-linux-androideabi-ranlib'
SED='/data/data/com.termux/files/usr/bin/sed'
SET_MAKE=''
SHELL='/bin/sh'
SND_LIB_EXTRAVER='1000000'
SND_LIB_MAJOR='1'
SND_LIB_MINOR='2'
SND_LIB_SUBMINOR='5'
SND_LIB_VERSION='1.2.5'
STRIP='arm-linux-androideabi-strip'
SYMBOLIC_FUNCTIONS_FALSE=''
SYMBOLIC_FUNCTIONS_TRUE='#'
SYMBOL_PREFIX=''
VERSION='1.2.5'
VERSIONED_SYMBOLS_FALSE='#'
VERSIONED_SYMBOLS_TRUE=''
ac_ct_AR=''
ac_ct_CC=''
ac_ct_DUMPBIN=''
am__EXEEXT_FALSE=''
am__EXEEXT_TRUE='#'
am__fastdepCC_FALSE='#'
am__fastdepCC_TRUE=''
am__include='include'
am__isrc=''
am__leading_dot='.'
am__nodep='_no'
am__quote=''
am__tar='$${TAR-tar} chof - "$$tardir"'
am__untar='$${TAR-tar} xf -'
bindir='${exec_prefix}/bin'
build='arm-unknown-linux-androideabi'
build_alias='arm-unknown-linux-androideabi'
build_cpu='arm'
build_os='linux-androideabi'
build_vendor='unknown'
datadir='${datarootdir}'
datarootdir='${prefix}/share'
docdir='${datarootdir}/doc/${PACKAGE_TARNAME}'
dvidir='${docdir}'
exec_prefix='/data/data/com.termux/files/usr'
host='arm-unknown-linux-androideabi'
host_alias='arm-linux-androideabi'
host_cpu='arm'
host_os='linux-androideabi'
host_vendor='unknown'
htmldir='${docdir}'
includedir='${prefix}/include'
infodir='${datarootdir}/info'
install_sh='${SHELL} /data/data/com.termux/files/home/alsa-lib-1.2.5/install-sh'
libdir='${exec_prefix}/lib'
libexecdir='${exec_prefix}/libexec'
localedir='${datarootdir}/locale'
localstatedir='${prefix}/var'
mandir='${datarootdir}/man'
mkdir_p='$(MKDIR_P)'
oldincludedir='/usr/include'
pdfdir='${docdir}'
prefix='/data/data/com.termux/files/usr'
program_transform_name='s,x,x,'
psdir='${docdir}'
runstatedir='${localstatedir}/run'
sbindir='${exec_prefix}/sbin'
sharedstatedir='${prefix}/com'
sysconfdir='${prefix}/etc'
target_alias=''

## ----------- ##
## confdefs.h. ##
## ----------- ##

/* confdefs.h */
#define PACKAGE_NAME "alsa-lib"
#define PACKAGE_TARNAME "alsa-lib"
#define PACKAGE_VERSION "1.2.5"
#define PACKAGE_STRING "alsa-lib 1.2.5"
#define PACKAGE_BUGREPORT ""
#define PACKAGE_URL ""
#define PACKAGE "alsa-lib"
#define VERSION "1.2.5"
#define HAVE_STDIO_H 1
#define HAVE_STDLIB_H 1
#define HAVE_STRING_H 1
#define HAVE_INTTYPES_H 1
#define HAVE_STDINT_H 1
#define HAVE_STRINGS_H 1
#define HAVE_SYS_STAT_H 1
#define HAVE_SYS_TYPES_H 1
#define HAVE_UNISTD_H 1
#define HAVE_WCHAR_H 1
#define HAVE_SYS_TIME_H 1
#define STDC_HEADERS 1
#define _ALL_SOURCE 1
#define _DARWIN_C_SOURCE 1
#define _GNU_SOURCE 1
#define _HPUX_ALT_XOPEN_SOCKET_API 1
#define _NETBSD_SOURCE 1
#define _OPENBSD_SOURCE 1
#define _POSIX_PTHREAD_SEMANTICS 1
#define __STDC_WANT_IEC_60559_ATTRIBS_EXT__ 1
#define __STDC_WANT_IEC_60559_BFP_EXT__ 1
#define __STDC_WANT_IEC_60559_DFP_EXT__ 1
#define __STDC_WANT_IEC_60559_FUNCS_EXT__ 1
#define __STDC_WANT_IEC_60559_TYPES_EXT__ 1
#define __STDC_WANT_LIB_EXT2__ 1
#define __STDC_WANT_MATH_SPEC_FUNCS__ 1
#define _TANDEM_SOURCE 1
#define __EXTENSIONS__ 1
#define HAVE_DLFCN_H 1
#define LT_OBJDIR ".libs/"
#define TIME_WITH_SYS_TIME 1
#define HAVE_USELOCALE 1
#define VERSION "1.2.5"
#define ALSA_CONFIG_DIR "/data/data/com.termux/files/usr/share/alsa"
#define ALSA_PLUGIN_DIR "/data/data/com.termux/files/usr/lib/alsa-lib"
#define ALSA_PKGCONF_DIR "/data/data/com.termux/files/usr/lib/pkgconfig"
#define VERSIONED_SYMBOLS /**/
#define __SYMBOL_PREFIX ""
#define TMPDIR "/tmp"
#define HAVE_LIBDL 1
#define HAVE_LIBPTHREAD 1
#define HAVE_PTHREAD_MUTEX_RECURSIVE /**/
#define HAVE___THREAD 1
#define HAVE_LIBRT 1
#define HAVE_CLOCK_GETTIME 1
#define HAVE_ENDIAN_H 1
#define HAVE_SYS_ENDIAN_H 1
#define SUPPORT_ALOAD "1"
#define ALSA_DEVICE_DIRECTORY "/dev/snd/"
#define ALOAD_DEVICE_DIRECTORY "/dev/"
#define BUILD_MIXER "1"
#define BUILD_PCM "1"
#define BUILD_RAWMIDI "1"
#define BUILD_HWDEP "1"
#define BUILD_SEQ "1"
#define BUILD_UCM "1"
#define BUILD_TOPOLOGY "1"
#define BUILD_PCM_PLUGIN_RATE "1"
#define BUILD_PCM_PLUGIN_ROUTE "1"
#define BUILD_PCM_PLUGIN_LFLOAT "1"
#define BUILD_PCM_PLUGIN_ADPCM "1"
#define BUILD_PCM_PLUGIN_MULAW "1"
#define BUILD_PCM_PLUGIN_ALAW "1"
#define BUILD_PCM_PLUGIN_MMAP_EMUL "1"
#define SND_MAX_CARDS 32
#define THREAD_SAFE_API "1"

configure: exit 0
